2020-06-17 15:45:17,050 INFO  --- [restartedMain] org.springframework.boot.StartupInfoLogger.logStarting/50 : Starting SpringBootLogbackDemoApplication on hongjunjiadeMacBook-Pro.local with PID 27819 (/Users/hongjunjia/projects/springboot/logback/target/classes started by hongjunjia in /Users/hongjunjia/projects/springboot/logback)
2020-06-17 15:45:17,058 INFO  --- [restartedMain] org.springframework.boot.SpringApplication.logStartupProfileInfo/675 : No active profile set, falling back to default profiles: default
2020-06-17 15:45:17,204 INFO  --- [restartedMain] org.springframework.boot.logging.DeferredLog.logTo/227 : Devtools property defaults active! Set 'spring.devtools.add-properties' to 'false' to disable
2020-06-17 15:45:17,205 INFO  --- [restartedMain] org.springframework.boot.logging.DeferredLog.logTo/227 : For additional web related logging consider setting the 'logging.level.web' property to 'DEBUG'
2020-06-17 15:45:18,455 INFO  --- [restartedMain] org.springframework.data.repository.config.RepositoryConfigurationDelegate.registerRepositoriesIn/126 : Bootstrapping Spring Data repositories in DEFAULT mode.
2020-06-17 15:45:18,474 INFO  --- [restartedMain] org.springframework.data.repository.config.RepositoryConfigurationDelegate.registerRepositoriesIn/182 : Finished Spring Data repository scanning in 14ms. Found 0 repository interfaces.
2020-06-17 15:45:19,051 INFO  --- [restartedMain] org.springframework.context.support.PostProcessorRegistrationDelegate$BeanPostProcessorChecker.postProcessAfterInitialization/330 : Bean 'org.springframework.transaction.annotation.ProxyTransactionManagementConfiguration' of type [org.springframework.transaction.annotation.ProxyTransactionManagementConfiguration$$EnhancerBySpringCGLIB$$8f0471fc] is not eligible for getting processed by all BeanPostProcessors (for example: not eligible for auto-proxying)
2020-06-17 15:45:19,417 INFO  --- [restartedMain] org.springframework.boot.web.embedded.tomcat.TomcatWebServer.initialize/90 : Tomcat initialized with port(s): 8080 (http)
2020-06-17 15:45:19,434 INFO  --- [restartedMain] org.apache.juli.logging.DirectJDKLog.log/173 : Initializing ProtocolHandler ["http-nio-8080"]
2020-06-17 15:45:19,444 INFO  --- [restartedMain] org.apache.juli.logging.DirectJDKLog.log/173 : Starting service [Tomcat]
2020-06-17 15:45:19,445 INFO  --- [restartedMain] org.apache.juli.logging.DirectJDKLog.log/173 : Starting Servlet engine: [Apache Tomcat/9.0.19]
2020-06-17 15:45:19,546 INFO  --- [restartedMain] org.apache.juli.logging.DirectJDKLog.log/173 : Initializing Spring embedded WebApplicationContext
2020-06-17 15:45:19,546 INFO  --- [restartedMain] org.springframework.boot.web.servlet.context.ServletWebServerApplicationContext.prepareWebApplicationContext/296 : Root WebApplicationContext: initialization completed in 2341 ms
2020-06-17 15:45:19,854 INFO  --- [restartedMain] org.springframework.scheduling.concurrent.ExecutorConfigurationSupport.initialize/171 : Initializing ExecutorService 'applicationTaskExecutor'
2020-06-17 15:45:19,992 WARN  --- [restartedMain] org.springframework.context.support.AbstractApplicationContext.refresh/557 : Exception encountered during context initialization - cancelling refresh attempt: org.springframework.beans.factory.BeanCreationException: Error creating bean with name 'dataSource' defined in class path resource [org/springframework/boot/autoconfigure/jdbc/DataSourceConfiguration$Hikari.class]: Bean instantiation via factory method failed; nested exception is org.springframework.beans.BeanInstantiationException: Failed to instantiate [com.zaxxer.hikari.HikariDataSource]: Factory method 'dataSource' threw exception; nested exception is org.springframework.boot.autoconfigure.jdbc.DataSourceProperties$DataSourceBeanCreationException: Failed to determine a suitable driver class
2020-06-17 15:45:19,993 INFO  --- [restartedMain] org.springframework.scheduling.concurrent.ExecutorConfigurationSupport.shutdown/208 : Shutting down ExecutorService 'applicationTaskExecutor'
2020-06-17 15:45:19,996 INFO  --- [restartedMain] org.apache.juli.logging.DirectJDKLog.log/173 : Stopping service [Tomcat]
2020-06-17 15:45:20,016 INFO  --- [restartedMain] org.springframework.boot.autoconfigure.logging.ConditionEvaluationReportLoggingListener.logMessage/142 : 

Error starting ApplicationContext. To display the conditions report re-run your application with 'debug' enabled.
2020-06-17 15:45:20,022 ERROR --- [restartedMain] org.springframework.boot.diagnostics.LoggingFailureAnalysisReporter.report/42 : 

***************************
APPLICATION FAILED TO START
***************************

Description:

Failed to configure a DataSource: 'url' attribute is not specified and no embedded datasource could be configured.

Reason: Failed to determine a suitable driver class


Action:

Consider the following:
	If you want an embedded database (H2, HSQL or Derby), please put it on the classpath.
	If you have database settings to be loaded from a particular profile you may need to activate it (no profiles are currently active).

2020-06-17 15:47:46,494 INFO  --- [restartedMain] org.springframework.boot.StartupInfoLogger.logStarting/50 : Starting SpringBootLogbackDemoApplication on hongjunjiadeMacBook-Pro.local with PID 27857 (/Users/hongjunjia/projects/springboot/logback/target/classes started by hongjunjia in /Users/hongjunjia/projects/springboot/logback)
2020-06-17 15:47:46,497 INFO  --- [restartedMain] org.springframework.boot.SpringApplication.logStartupProfileInfo/675 : No active profile set, falling back to default profiles: default
2020-06-17 15:47:46,593 INFO  --- [restartedMain] org.springframework.boot.logging.DeferredLog.logTo/227 : Devtools property defaults active! Set 'spring.devtools.add-properties' to 'false' to disable
2020-06-17 15:47:46,595 INFO  --- [restartedMain] org.springframework.boot.logging.DeferredLog.logTo/227 : For additional web related logging consider setting the 'logging.level.web' property to 'DEBUG'
2020-06-17 15:47:47,870 INFO  --- [restartedMain] org.springframework.data.repository.config.RepositoryConfigurationDelegate.registerRepositoriesIn/126 : Bootstrapping Spring Data repositories in DEFAULT mode.
2020-06-17 15:47:47,894 INFO  --- [restartedMain] org.springframework.data.repository.config.RepositoryConfigurationDelegate.registerRepositoriesIn/182 : Finished Spring Data repository scanning in 18ms. Found 0 repository interfaces.
2020-06-17 15:47:48,502 INFO  --- [restartedMain] org.springframework.context.support.PostProcessorRegistrationDelegate$BeanPostProcessorChecker.postProcessAfterInitialization/330 : Bean 'org.springframework.transaction.annotation.ProxyTransactionManagementConfiguration' of type [org.springframework.transaction.annotation.ProxyTransactionManagementConfiguration$$EnhancerBySpringCGLIB$$98024702] is not eligible for getting processed by all BeanPostProcessors (for example: not eligible for auto-proxying)
2020-06-17 15:47:48,868 INFO  --- [restartedMain] org.springframework.boot.web.embedded.tomcat.TomcatWebServer.initialize/90 : Tomcat initialized with port(s): 8080 (http)
2020-06-17 15:47:48,889 INFO  --- [restartedMain] org.apache.juli.logging.DirectJDKLog.log/173 : Initializing ProtocolHandler ["http-nio-8080"]
2020-06-17 15:47:48,899 INFO  --- [restartedMain] org.apache.juli.logging.DirectJDKLog.log/173 : Starting service [Tomcat]
2020-06-17 15:47:48,900 INFO  --- [restartedMain] org.apache.juli.logging.DirectJDKLog.log/173 : Starting Servlet engine: [Apache Tomcat/9.0.19]
2020-06-17 15:47:48,997 INFO  --- [restartedMain] org.apache.juli.logging.DirectJDKLog.log/173 : Initializing Spring embedded WebApplicationContext
2020-06-17 15:47:48,997 INFO  --- [restartedMain] org.springframework.boot.web.servlet.context.ServletWebServerApplicationContext.prepareWebApplicationContext/296 : Root WebApplicationContext: initialization completed in 2368 ms
2020-06-17 15:47:49,375 INFO  --- [restartedMain] org.springframework.scheduling.concurrent.ExecutorConfigurationSupport.initialize/171 : Initializing ExecutorService 'applicationTaskExecutor'
2020-06-17 15:47:49,549 WARN  --- [restartedMain] org.springframework.context.support.AbstractApplicationContext.refresh/557 : Exception encountered during context initialization - cancelling refresh attempt: org.springframework.beans.factory.BeanCreationException: Error creating bean with name 'dataSource' defined in class path resource [org/springframework/boot/autoconfigure/jdbc/DataSourceConfiguration$Hikari.class]: Bean instantiation via factory method failed; nested exception is org.springframework.beans.BeanInstantiationException: Failed to instantiate [com.zaxxer.hikari.HikariDataSource]: Factory method 'dataSource' threw exception; nested exception is org.springframework.boot.autoconfigure.jdbc.DataSourceProperties$DataSourceBeanCreationException: Failed to determine a suitable driver class
2020-06-17 15:47:49,551 INFO  --- [restartedMain] org.springframework.scheduling.concurrent.ExecutorConfigurationSupport.shutdown/208 : Shutting down ExecutorService 'applicationTaskExecutor'
2020-06-17 15:47:49,554 INFO  --- [restartedMain] org.apache.juli.logging.DirectJDKLog.log/173 : Stopping service [Tomcat]
2020-06-17 15:47:49,570 INFO  --- [restartedMain] org.springframework.boot.autoconfigure.logging.ConditionEvaluationReportLoggingListener.logMessage/142 : 

Error starting ApplicationContext. To display the conditions report re-run your application with 'debug' enabled.
2020-06-17 15:47:49,576 ERROR --- [restartedMain] org.springframework.boot.diagnostics.LoggingFailureAnalysisReporter.report/42 : 

***************************
APPLICATION FAILED TO START
***************************

Description:

Failed to configure a DataSource: 'url' attribute is not specified and no embedded datasource could be configured.

Reason: Failed to determine a suitable driver class


Action:

Consider the following:
	If you want an embedded database (H2, HSQL or Derby), please put it on the classpath.
	If you have database settings to be loaded from a particular profile you may need to activate it (no profiles are currently active).

2020-06-17 15:58:20,140 INFO  --- [restartedMain] org.springframework.boot.StartupInfoLogger.logStarting/50 : Starting SpringBootLogbackDemoApplication on hongjunjiadeMacBook-Pro.local with PID 28179 (/Users/hongjunjia/projects/springboot/logback/target/classes started by hongjunjia in /Users/hongjunjia/projects/springboot/logback)
2020-06-17 15:58:20,143 INFO  --- [restartedMain] org.springframework.boot.SpringApplication.logStartupProfileInfo/675 : No active profile set, falling back to default profiles: default
2020-06-17 15:58:20,196 INFO  --- [restartedMain] org.springframework.boot.logging.DeferredLog.logTo/227 : Devtools property defaults active! Set 'spring.devtools.add-properties' to 'false' to disable
2020-06-17 15:58:20,196 INFO  --- [restartedMain] org.springframework.boot.logging.DeferredLog.logTo/227 : For additional web related logging consider setting the 'logging.level.web' property to 'DEBUG'
2020-06-17 15:58:21,499 INFO  --- [restartedMain] org.springframework.data.repository.config.RepositoryConfigurationDelegate.registerRepositoriesIn/126 : Bootstrapping Spring Data repositories in DEFAULT mode.
2020-06-17 15:58:21,529 INFO  --- [restartedMain] org.springframework.data.repository.config.RepositoryConfigurationDelegate.registerRepositoriesIn/182 : Finished Spring Data repository scanning in 19ms. Found 0 repository interfaces.
2020-06-17 15:58:22,074 INFO  --- [restartedMain] org.springframework.context.support.PostProcessorRegistrationDelegate$BeanPostProcessorChecker.postProcessAfterInitialization/330 : Bean 'org.springframework.transaction.annotation.ProxyTransactionManagementConfiguration' of type [org.springframework.transaction.annotation.ProxyTransactionManagementConfiguration$$EnhancerBySpringCGLIB$$7b501135] is not eligible for getting processed by all BeanPostProcessors (for example: not eligible for auto-proxying)
2020-06-17 15:58:22,674 INFO  --- [restartedMain] org.springframework.boot.web.embedded.tomcat.TomcatWebServer.initialize/90 : Tomcat initialized with port(s): 8080 (http)
2020-06-17 15:58:22,695 INFO  --- [restartedMain] org.apache.juli.logging.DirectJDKLog.log/173 : Initializing ProtocolHandler ["http-nio-8080"]
2020-06-17 15:58:22,709 INFO  --- [restartedMain] org.apache.juli.logging.DirectJDKLog.log/173 : Starting service [Tomcat]
2020-06-17 15:58:22,709 INFO  --- [restartedMain] org.apache.juli.logging.DirectJDKLog.log/173 : Starting Servlet engine: [Apache Tomcat/9.0.19]
2020-06-17 15:58:22,924 INFO  --- [restartedMain] org.apache.juli.logging.DirectJDKLog.log/173 : Initializing Spring embedded WebApplicationContext
2020-06-17 15:58:22,925 INFO  --- [restartedMain] org.springframework.boot.web.servlet.context.ServletWebServerApplicationContext.prepareWebApplicationContext/296 : Root WebApplicationContext: initialization completed in 2729 ms
2020-06-17 15:58:23,405 INFO  --- [restartedMain] org.springframework.scheduling.concurrent.ExecutorConfigurationSupport.initialize/171 : Initializing ExecutorService 'applicationTaskExecutor'
2020-06-17 15:58:23,566 WARN  --- [restartedMain] org.springframework.context.support.AbstractApplicationContext.refresh/557 : Exception encountered during context initialization - cancelling refresh attempt: org.springframework.beans.factory.BeanCreationException: Error creating bean with name 'dataSource' defined in class path resource [org/springframework/boot/autoconfigure/jdbc/DataSourceConfiguration$Hikari.class]: Bean instantiation via factory method failed; nested exception is org.springframework.beans.BeanInstantiationException: Failed to instantiate [com.zaxxer.hikari.HikariDataSource]: Factory method 'dataSource' threw exception; nested exception is org.springframework.boot.autoconfigure.jdbc.DataSourceProperties$DataSourceBeanCreationException: Failed to determine a suitable driver class
2020-06-17 15:58:23,567 INFO  --- [restartedMain] org.springframework.scheduling.concurrent.ExecutorConfigurationSupport.shutdown/208 : Shutting down ExecutorService 'applicationTaskExecutor'
2020-06-17 15:58:23,571 INFO  --- [restartedMain] org.apache.juli.logging.DirectJDKLog.log/173 : Stopping service [Tomcat]
2020-06-17 15:58:23,587 INFO  --- [restartedMain] org.springframework.boot.autoconfigure.logging.ConditionEvaluationReportLoggingListener.logMessage/142 : 

Error starting ApplicationContext. To display the conditions report re-run your application with 'debug' enabled.
2020-06-17 15:58:23,596 ERROR --- [restartedMain] org.springframework.boot.diagnostics.LoggingFailureAnalysisReporter.report/42 : 

***************************
APPLICATION FAILED TO START
***************************

Description:

Failed to configure a DataSource: 'url' attribute is not specified and no embedded datasource could be configured.

Reason: Failed to determine a suitable driver class


Action:

Consider the following:
	If you want an embedded database (H2, HSQL or Derby), please put it on the classpath.
	If you have database settings to be loaded from a particular profile you may need to activate it (no profiles are currently active).

2020-06-17 16:00:41,829 INFO  --- [restartedMain] org.springframework.boot.StartupInfoLogger.logStarting/50 : Starting SpringBootLogbackDemoApplication on hongjunjiadeMacBook-Pro.local with PID 28207 (/Users/hongjunjia/projects/springboot/logback/target/classes started by hongjunjia in /Users/hongjunjia/projects/springboot/logback)
2020-06-17 16:00:41,833 INFO  --- [restartedMain] org.springframework.boot.SpringApplication.logStartupProfileInfo/675 : No active profile set, falling back to default profiles: default
2020-06-17 16:00:41,879 INFO  --- [restartedMain] org.springframework.boot.logging.DeferredLog.logTo/227 : Devtools property defaults active! Set 'spring.devtools.add-properties' to 'false' to disable
2020-06-17 16:00:41,880 INFO  --- [restartedMain] org.springframework.boot.logging.DeferredLog.logTo/227 : For additional web related logging consider setting the 'logging.level.web' property to 'DEBUG'
2020-06-17 16:00:43,037 INFO  --- [restartedMain] org.springframework.data.repository.config.RepositoryConfigurationDelegate.registerRepositoriesIn/126 : Bootstrapping Spring Data repositories in DEFAULT mode.
2020-06-17 16:00:43,077 INFO  --- [restartedMain] org.springframework.data.repository.config.RepositoryConfigurationDelegate.registerRepositoriesIn/182 : Finished Spring Data repository scanning in 31ms. Found 0 repository interfaces.
2020-06-17 16:00:43,607 INFO  --- [restartedMain] org.springframework.context.support.PostProcessorRegistrationDelegate$BeanPostProcessorChecker.postProcessAfterInitialization/330 : Bean 'org.springframework.transaction.annotation.ProxyTransactionManagementConfiguration' of type [org.springframework.transaction.annotation.ProxyTransactionManagementConfiguration$$EnhancerBySpringCGLIB$$895d62d] is not eligible for getting processed by all BeanPostProcessors (for example: not eligible for auto-proxying)
2020-06-17 16:00:44,078 INFO  --- [restartedMain] org.springframework.boot.web.embedded.tomcat.TomcatWebServer.initialize/90 : Tomcat initialized with port(s): 8080 (http)
2020-06-17 16:00:44,099 INFO  --- [restartedMain] org.apache.juli.logging.DirectJDKLog.log/173 : Initializing ProtocolHandler ["http-nio-8080"]
2020-06-17 16:00:44,112 INFO  --- [restartedMain] org.apache.juli.logging.DirectJDKLog.log/173 : Starting service [Tomcat]
2020-06-17 16:00:44,113 INFO  --- [restartedMain] org.apache.juli.logging.DirectJDKLog.log/173 : Starting Servlet engine: [Apache Tomcat/9.0.19]
2020-06-17 16:00:44,225 INFO  --- [restartedMain] org.apache.juli.logging.DirectJDKLog.log/173 : Initializing Spring embedded WebApplicationContext
2020-06-17 16:00:44,226 INFO  --- [restartedMain] org.springframework.boot.web.servlet.context.ServletWebServerApplicationContext.prepareWebApplicationContext/296 : Root WebApplicationContext: initialization completed in 2346 ms
2020-06-17 16:00:44,645 INFO  --- [restartedMain] org.springframework.scheduling.concurrent.ExecutorConfigurationSupport.initialize/171 : Initializing ExecutorService 'applicationTaskExecutor'
2020-06-17 16:00:44,821 WARN  --- [restartedMain] org.springframework.context.support.AbstractApplicationContext.refresh/557 : Exception encountered during context initialization - cancelling refresh attempt: org.springframework.beans.factory.BeanCreationException: Error creating bean with name 'dataSource' defined in class path resource [org/springframework/boot/autoconfigure/jdbc/DataSourceConfiguration$Hikari.class]: Bean instantiation via factory method failed; nested exception is org.springframework.beans.BeanInstantiationException: Failed to instantiate [com.zaxxer.hikari.HikariDataSource]: Factory method 'dataSource' threw exception; nested exception is org.springframework.boot.autoconfigure.jdbc.DataSourceProperties$DataSourceBeanCreationException: Failed to determine a suitable driver class
2020-06-17 16:00:44,822 INFO  --- [restartedMain] org.springframework.scheduling.concurrent.ExecutorConfigurationSupport.shutdown/208 : Shutting down ExecutorService 'applicationTaskExecutor'
2020-06-17 16:00:44,825 INFO  --- [restartedMain] org.apache.juli.logging.DirectJDKLog.log/173 : Stopping service [Tomcat]
2020-06-17 16:00:44,840 INFO  --- [restartedMain] org.springframework.boot.autoconfigure.logging.ConditionEvaluationReportLoggingListener.logMessage/142 : 

Error starting ApplicationContext. To display the conditions report re-run your application with 'debug' enabled.
2020-06-17 16:00:44,849 ERROR --- [restartedMain] org.springframework.boot.diagnostics.LoggingFailureAnalysisReporter.report/42 : 

***************************
APPLICATION FAILED TO START
***************************

Description:

Failed to configure a DataSource: 'url' attribute is not specified and no embedded datasource could be configured.

Reason: Failed to determine a suitable driver class


Action:

Consider the following:
	If you want an embedded database (H2, HSQL or Derby), please put it on the classpath.
	If you have database settings to be loaded from a particular profile you may need to activate it (no profiles are currently active).

2020-06-17 16:04:03,199 INFO  --- [restartedMain] org.springframework.boot.StartupInfoLogger.logStarting/50 : Starting SpringBootLogbackDemoApplication on hongjunjiadeMacBook-Pro.local with PID 28220 (/Users/hongjunjia/projects/springboot/logback/target/classes started by hongjunjia in /Users/hongjunjia/projects/springboot/logback)
2020-06-17 16:04:03,205 INFO  --- [restartedMain] org.springframework.boot.SpringApplication.logStartupProfileInfo/675 : No active profile set, falling back to default profiles: default
2020-06-17 16:04:03,256 INFO  --- [restartedMain] org.springframework.boot.logging.DeferredLog.logTo/227 : Devtools property defaults active! Set 'spring.devtools.add-properties' to 'false' to disable
2020-06-17 16:04:03,256 INFO  --- [restartedMain] org.springframework.boot.logging.DeferredLog.logTo/227 : For additional web related logging consider setting the 'logging.level.web' property to 'DEBUG'
2020-06-17 16:04:04,403 INFO  --- [restartedMain] org.springframework.data.repository.config.RepositoryConfigurationDelegate.registerRepositoriesIn/126 : Bootstrapping Spring Data repositories in DEFAULT mode.
2020-06-17 16:04:04,423 INFO  --- [restartedMain] org.springframework.data.repository.config.RepositoryConfigurationDelegate.registerRepositoriesIn/182 : Finished Spring Data repository scanning in 15ms. Found 0 repository interfaces.
2020-06-17 16:04:04,915 INFO  --- [restartedMain] org.springframework.context.support.PostProcessorRegistrationDelegate$BeanPostProcessorChecker.postProcessAfterInitialization/330 : Bean 'org.springframework.transaction.annotation.ProxyTransactionManagementConfiguration' of type [org.springframework.transaction.annotation.ProxyTransactionManagementConfiguration$$EnhancerBySpringCGLIB$$c4119076] is not eligible for getting processed by all BeanPostProcessors (for example: not eligible for auto-proxying)
2020-06-17 16:04:05,380 INFO  --- [restartedMain] org.springframework.boot.web.embedded.tomcat.TomcatWebServer.initialize/90 : Tomcat initialized with port(s): 8080 (http)
2020-06-17 16:04:05,399 INFO  --- [restartedMain] org.apache.juli.logging.DirectJDKLog.log/173 : Initializing ProtocolHandler ["http-nio-8080"]
2020-06-17 16:04:05,410 INFO  --- [restartedMain] org.apache.juli.logging.DirectJDKLog.log/173 : Starting service [Tomcat]
2020-06-17 16:04:05,411 INFO  --- [restartedMain] org.apache.juli.logging.DirectJDKLog.log/173 : Starting Servlet engine: [Apache Tomcat/9.0.19]
2020-06-17 16:04:05,541 INFO  --- [restartedMain] org.apache.juli.logging.DirectJDKLog.log/173 : Initializing Spring embedded WebApplicationContext
2020-06-17 16:04:05,542 INFO  --- [restartedMain] org.springframework.boot.web.servlet.context.ServletWebServerApplicationContext.prepareWebApplicationContext/296 : Root WebApplicationContext: initialization completed in 2286 ms
2020-06-17 16:04:05,952 INFO  --- [restartedMain] org.springframework.scheduling.concurrent.ExecutorConfigurationSupport.initialize/171 : Initializing ExecutorService 'applicationTaskExecutor'
2020-06-17 16:04:06,496 INFO  --- [restartedMain] org.springframework.boot.devtools.autoconfigure.OptionalLiveReloadServer.startServer/57 : LiveReload server is running on port 35729
2020-06-17 16:04:06,532 INFO  --- [restartedMain] org.apache.juli.logging.DirectJDKLog.log/173 : Starting ProtocolHandler ["http-nio-8080"]
2020-06-17 16:04:06,587 INFO  --- [restartedMain] org.springframework.boot.web.embedded.tomcat.TomcatWebServer.start/204 : Tomcat started on port(s): 8080 (http) with context path ''
2020-06-17 16:04:06,591 INFO  --- [restartedMain] org.springframework.boot.StartupInfoLogger.logStarted/59 : Started SpringBootLogbackDemoApplication in 3.727 seconds (JVM running for 4.851)
2020-06-17 16:04:39,231 INFO  --- [Thread-17] org.springframework.scheduling.concurrent.ExecutorConfigurationSupport.shutdown/208 : Shutting down ExecutorService 'applicationTaskExecutor'
2020-06-17 16:04:42,850 INFO  --- [restartedMain] org.springframework.boot.StartupInfoLogger.logStarting/50 : Starting SpringBootLogbackDemoApplication on hongjunjiadeMacBook-Pro.local with PID 28230 (/Users/hongjunjia/projects/springboot/logback/target/classes started by hongjunjia in /Users/hongjunjia/projects/springboot/logback)
2020-06-17 16:04:42,853 INFO  --- [restartedMain] org.springframework.boot.SpringApplication.logStartupProfileInfo/679 : The following profiles are active: dev
2020-06-17 16:04:42,927 INFO  --- [restartedMain] org.springframework.boot.logging.DeferredLog.logTo/227 : Devtools property defaults active! Set 'spring.devtools.add-properties' to 'false' to disable
2020-06-17 16:04:42,927 INFO  --- [restartedMain] org.springframework.boot.logging.DeferredLog.logTo/227 : For additional web related logging consider setting the 'logging.level.web' property to 'DEBUG'
2020-06-17 16:04:44,095 INFO  --- [restartedMain] org.springframework.data.repository.config.RepositoryConfigurationDelegate.registerRepositoriesIn/126 : Bootstrapping Spring Data repositories in DEFAULT mode.
2020-06-17 16:04:44,114 INFO  --- [restartedMain] org.springframework.data.repository.config.RepositoryConfigurationDelegate.registerRepositoriesIn/182 : Finished Spring Data repository scanning in 14ms. Found 0 repository interfaces.
2020-06-17 16:04:44,497 INFO  --- [restartedMain] org.springframework.context.support.PostProcessorRegistrationDelegate$BeanPostProcessorChecker.postProcessAfterInitialization/330 : Bean 'org.springframework.transaction.annotation.ProxyTransactionManagementConfiguration' of type [org.springframework.transaction.annotation.ProxyTransactionManagementConfiguration$$EnhancerBySpringCGLIB$$7c19a5ca] is not eligible for getting processed by all BeanPostProcessors (for example: not eligible for auto-proxying)
2020-06-17 16:04:44,809 INFO  --- [restartedMain] org.springframework.boot.web.embedded.tomcat.TomcatWebServer.initialize/90 : Tomcat initialized with port(s): 8080 (http)
2020-06-17 16:04:44,825 INFO  --- [restartedMain] org.apache.juli.logging.DirectJDKLog.log/173 : Initializing ProtocolHandler ["http-nio-8080"]
2020-06-17 16:04:44,835 INFO  --- [restartedMain] org.apache.juli.logging.DirectJDKLog.log/173 : Starting service [Tomcat]
2020-06-17 16:04:44,835 INFO  --- [restartedMain] org.apache.juli.logging.DirectJDKLog.log/173 : Starting Servlet engine: [Apache Tomcat/9.0.19]
2020-06-17 16:04:44,940 INFO  --- [restartedMain] org.apache.juli.logging.DirectJDKLog.log/173 : Initializing Spring embedded WebApplicationContext
2020-06-17 16:04:44,941 INFO  --- [restartedMain] org.springframework.boot.web.servlet.context.ServletWebServerApplicationContext.prepareWebApplicationContext/296 : Root WebApplicationContext: initialization completed in 2013 ms
2020-06-17 16:04:45,356 INFO  --- [restartedMain] org.springframework.scheduling.concurrent.ExecutorConfigurationSupport.initialize/171 : Initializing ExecutorService 'applicationTaskExecutor'
2020-06-17 16:04:45,622 INFO  --- [restartedMain] org.springframework.boot.devtools.autoconfigure.OptionalLiveReloadServer.startServer/57 : LiveReload server is running on port 35729
2020-06-17 16:04:45,657 INFO  --- [restartedMain] org.apache.juli.logging.DirectJDKLog.log/173 : Starting ProtocolHandler ["http-nio-8080"]
2020-06-17 16:04:45,682 INFO  --- [restartedMain] org.springframework.boot.web.embedded.tomcat.TomcatWebServer.start/204 : Tomcat started on port(s): 8080 (http) with context path ''
2020-06-17 16:04:45,685 INFO  --- [restartedMain] org.springframework.boot.StartupInfoLogger.logStarted/59 : Started SpringBootLogbackDemoApplication in 3.259 seconds (JVM running for 4.16)
2020-06-17 16:09:02,701 INFO  --- [Thread-15] org.springframework.scheduling.concurrent.ExecutorConfigurationSupport.shutdown/208 : Shutting down ExecutorService 'applicationTaskExecutor'
2020-06-17 16:09:07,738 INFO  --- [restartedMain] org.springframework.boot.StartupInfoLogger.logStarting/50 : Starting SpringBootLogbackDemoApplication on hongjunjiadeMacBook-Pro.local with PID 28259 (/Users/hongjunjia/projects/springboot/logback/target/classes started by hongjunjia in /Users/hongjunjia/projects/springboot/logback)
2020-06-17 16:09:07,741 INFO  --- [restartedMain] org.springframework.boot.SpringApplication.logStartupProfileInfo/679 : The following profiles are active: dev
2020-06-17 16:09:07,782 INFO  --- [restartedMain] org.springframework.boot.logging.DeferredLog.logTo/227 : Devtools property defaults active! Set 'spring.devtools.add-properties' to 'false' to disable
2020-06-17 16:09:07,783 INFO  --- [restartedMain] org.springframework.boot.logging.DeferredLog.logTo/227 : For additional web related logging consider setting the 'logging.level.web' property to 'DEBUG'
2020-06-17 16:09:08,803 INFO  --- [restartedMain] org.springframework.data.repository.config.RepositoryConfigurationDelegate.registerRepositoriesIn/126 : Bootstrapping Spring Data repositories in DEFAULT mode.
2020-06-17 16:09:08,825 INFO  --- [restartedMain] org.springframework.data.repository.config.RepositoryConfigurationDelegate.registerRepositoriesIn/182 : Finished Spring Data repository scanning in 15ms. Found 0 repository interfaces.
2020-06-17 16:09:09,386 INFO  --- [restartedMain] org.springframework.context.support.PostProcessorRegistrationDelegate$BeanPostProcessorChecker.postProcessAfterInitialization/330 : Bean 'org.springframework.transaction.annotation.ProxyTransactionManagementConfiguration' of type [org.springframework.transaction.annotation.ProxyTransactionManagementConfiguration$$EnhancerBySpringCGLIB$$9f59e83a] is not eligible for getting processed by all BeanPostProcessors (for example: not eligible for auto-proxying)
2020-06-17 16:09:09,799 INFO  --- [restartedMain] org.springframework.boot.web.embedded.tomcat.TomcatWebServer.initialize/90 : Tomcat initialized with port(s): 8080 (http)
2020-06-17 16:09:09,817 INFO  --- [restartedMain] org.apache.juli.logging.DirectJDKLog.log/173 : Initializing ProtocolHandler ["http-nio-8080"]
2020-06-17 16:09:09,830 INFO  --- [restartedMain] org.apache.juli.logging.DirectJDKLog.log/173 : Starting service [Tomcat]
2020-06-17 16:09:09,831 INFO  --- [restartedMain] org.apache.juli.logging.DirectJDKLog.log/173 : Starting Servlet engine: [Apache Tomcat/9.0.19]
2020-06-17 16:09:09,953 INFO  --- [restartedMain] org.apache.juli.logging.DirectJDKLog.log/173 : Initializing Spring embedded WebApplicationContext
2020-06-17 16:09:09,954 INFO  --- [restartedMain] org.springframework.boot.web.servlet.context.ServletWebServerApplicationContext.prepareWebApplicationContext/296 : Root WebApplicationContext: initialization completed in 2171 ms
2020-06-17 16:09:10,340 INFO  --- [restartedMain] org.springframework.scheduling.concurrent.ExecutorConfigurationSupport.initialize/171 : Initializing ExecutorService 'applicationTaskExecutor'
2020-06-17 16:09:10,855 INFO  --- [restartedMain] org.springframework.boot.devtools.autoconfigure.OptionalLiveReloadServer.startServer/57 : LiveReload server is running on port 35729
2020-06-17 16:09:10,898 INFO  --- [restartedMain] org.apache.juli.logging.DirectJDKLog.log/173 : Starting ProtocolHandler ["http-nio-8080"]
2020-06-17 16:09:10,926 INFO  --- [restartedMain] org.springframework.boot.web.embedded.tomcat.TomcatWebServer.start/204 : Tomcat started on port(s): 8080 (http) with context path ''
2020-06-17 16:09:10,930 INFO  --- [restartedMain] org.springframework.boot.StartupInfoLogger.logStarted/59 : Started SpringBootLogbackDemoApplication in 3.512 seconds (JVM running for 5.839)
